<?xml version="1.0" encoding="UTF-8"?>
<coverage generated="1749987161819" clover="3.2.0">
  <project timestamp="1749987161819" name="All files">
    <metrics statements="13" coveredstatements="13" conditionals="9" coveredconditionals="8" methods="2" coveredmethods="1" elements="24" coveredelements="22" complexity="0" loc="13" ncloc="13" packages="1" files="1" classes="1"/>
    <file name="weatherService.js" path="C:\Users\USER\Desktop\tev\client\src\services\weatherService.js">
      <metrics statements="13" coveredstatements="13" conditionals="9" coveredconditionals="8" methods="2" coveredmethods="1"/>
      <line num="15" count="1" type="stmt"/>
      <line num="16" count="1" type="stmt"/>
      <line num="19" count="4" type="cond" truecount="5" falsecount="0"/>
      <line num="20" count="1" type="stmt"/>
      <line num="23" count="3" type="stmt"/>
      <line num="24" count="3" type="stmt"/>
      <line num="25" count="3" type="stmt"/>
      <line num="27" count="3" type="stmt"/>
      <line num="29" count="3" type="cond" truecount="2" falsecount="0"/>
      <line num="30" count="1" type="stmt"/>
      <line num="31" count="1" type="cond" truecount="1" falsecount="1"/>
      <line num="34" count="2" type="stmt"/>
      <line num="37" count="1" type="stmt"/>
    </file>
  </project>
</coverage>
