{"C:\\Users\\USER\\Desktop\\tev\\client\\src\\services\\weatherService.js": {"path":"C:\\Users\\USER\\Desktop\\tev\\client\\src\\services\\weatherService.js","statementMap":{"0":{"start":{"line":15,"column":16},"end":{"line":15,"column":50}},"1":{"start":{"line":16,"column":17},"end":{"line":16,"column":66}},"2":{"start":{"line":19,"column":2},"end":{"line":21,"column":3}},"3":{"start":{"line":20,"column":4},"end":{"line":20,"column":45}},"4":{"start":{"line":23,"column":22},"end":{"line":23,"column":33}},"5":{"start":{"line":24,"column":14},"end":{"line":24,"column":94}},"6":{"start":{"line":25,"column":2},"end":{"line":25,"column":36}},"7":{"start":{"line":27,"column":14},"end":{"line":27,"column":30}},"8":{"start":{"line":29,"column":2},"end":{"line":32,"column":3}},"9":{"start":{"line":30,"column":17},"end":{"line":30,"column":51}},"10":{"start":{"line":30,"column":47},"end":{"line":30,"column":49}},"11":{"start":{"line":31,"column":4},"end":{"line":31,"column":78}},"12":{"start":{"line":34,"column":2},"end":{"line":34,"column":26}},"13":{"start":{"line":37,"column":0},"end":{"line":37,"column":38}}},"fnMap":{"0":{"name":"getWeatherByCity","decl":{"start":{"line":18,"column":15},"end":{"line":18,"column":31}},"loc":{"start":{"line":18,"column":38},"end":{"line":35,"column":1}},"line":18},"1":{"name":"(anonymous_1)","decl":{"start":{"line":30,"column":40},"end":{"line":30,"column":41}},"loc":{"start":{"line":30,"column":47},"end":{"line":30,"column":49}},"line":30}},"branchMap":{"0":{"loc":{"start":{"line":19,"column":2},"end":{"line":21,"column":3}},"type":"if","locations":[{"start":{"line":19,"column":2},"end":{"line":21,"column":3}},{"start":{},"end":{}}],"line":19},"1":{"loc":{"start":{"line":19,"column":6},"end":{"line":19,"column":55}},"type":"binary-expr","locations":[{"start":{"line":19,"column":6},"end":{"line":19,"column":11}},{"start":{"line":19,"column":15},"end":{"line":19,"column":39}},{"start":{"line":19,"column":43},"end":{"line":19,"column":55}}],"line":19},"2":{"loc":{"start":{"line":29,"column":2},"end":{"line":32,"column":3}},"type":"if","locations":[{"start":{"line":29,"column":2},"end":{"line":32,"column":3}},{"start":{},"end":{}}],"line":29},"3":{"loc":{"start":{"line":31,"column":20},"end":{"line":31,"column":76}},"type":"binary-expr","locations":[{"start":{"line":31,"column":20},"end":{"line":31,"column":32}},{"start":{"line":31,"column":36},"end":{"line":31,"column":76}}],"line":31}},"s":{"0":1,"1":1,"2":4,"3":1,"4":3,"5":3,"6":3,"7":3,"8":3,"9":1,"10":0,"11":1,"12":2,"13":1},"f":{"0":4,"1":0},"b":{"0":[1,3],"1":[4,3,3],"2":[1,2],"3":[1,0]},"inputSourceMap":null,"_coverageSchema":"1a1c01bbd47fc00a2c39e90264f33305004495a9","hash":"66b6ef9baa9211eaad9e061a46ad28899bbe6bb7"}
}
